<?xml version="1.0" encoding="UTF-8"?>
<!-- Generated by org.testng.reporters.JUnitXMLReporter -->
<testsuite ignored="0" hostname="PNVL001" failures="0" tests="6" name="Default test" time="33.16" errors="0" timestamp="2022-01-08T09:51:43 ICT">
  <testcase classname="selenium.webdriver.Testalada" name="TC_01_Register_Empty_Data" time="6.594"/>
  <testcase classname="selenium.webdriver.Testalada" name="TC_02_Register_Invalid_Email" time="3.771"/>
  <testcase classname="selenium.webdriver.Testalada" name="TC_03_Register_Incorrect_Email" time="3.703"/>
  <testcase classname="selenium.webdriver.Testalada" name="TC_04_Register_Password_Less_Than_6_Chars" time="3.791"/>
  <testcase classname="selenium.webdriver.Testalada" name="TC_05_Register_Incorrect_Password" time="3.677"/>
  <testcase classname="selenium.webdriver.Testalada" name="TC_06_Register_Invalid_Phone" time="4.086"/>
</testsuite> <!-- Default test -->
